<?xml version="1.0" encoding="UTF-8" ?>
<testsuite tests="10" failures="0" name="com.example.attendance_wx.AppTest" time="0.803" errors="0" skipped="0">
  <properties>
[...]
</properties>
  <testcase classname="com.example.attendance_wx.AppTest" name="Test" time="0.414"/>
  <testcase classname="com.example.attendance_wx.AppTest" name="test1" time="0.275"/>
  <testcase classname="com.example.attendance_wx.AppTest" name="test2" time="0.021"/>
  <testcase classname="com.example.attendance_wx.AppTest" name="test3" time="0.008"/>
  <testcase classname="com.example.attendance_wx.AppTest" name="test4" time="0.018"/>
  <testcase classname="com.example.attendance_wx.AppTest" name="test5" time="0.005"/>
  <testcase classname="com.example.attendance_wx.AppTest" name="test6" time="0.043"/>
  <testcase classname="com.example.attendance_wx.AppTest" name="test7" time="0.001"/>
  <testcase classname="com.example.attendance_wx.AppTest" name="test8" time="0"/>
  <testcase classname="com.example.attendance_wx.AppTest" name="test9" time="0.018"/>
</testsuite>